0 info it worked if it ends with ok
1 verbose cli [ 'C:\\Program Files (x86)\\nodejs\\node.exe',
1 verbose cli   'C:\\Program Files (x86)\\nodejs\\node_modules\\npm\\bin\\npm-cli.js',
1 verbose cli   'start',
1 verbose cli   'server.js' ]
2 info using npm@3.10.10
3 info using node@v6.10.3
4 verbose run-script [ 'prestart', 'start', 'poststart' ]
5 info lifecycle chatroom@0.0.0~prestart: chatroom@0.0.0
6 silly lifecycle chatroom@0.0.0~prestart: no script for prestart, continuing
7 info lifecycle chatroom@0.0.0~start: chatroom@0.0.0
8 verbose lifecycle chatroom@0.0.0~start: unsafe-perm in lifecycle true
9 verbose lifecycle chatroom@0.0.0~start: PATH: C:\Program Files (x86)\nodejs\node_modules\npm\bin\node-gyp-bin;C:\Temp\Repos\IBM_Cloud_Chat\node_modules\.bin;C:\Program Files (x86)\Microsoft Visual Studio\2017\Enterprise\VC\Tools\MSVC\14.14.26428\bin\HostX86\x86;C:\Program Files (x86)\Microsoft Visual Studio\2017\Enterprise\Common7\IDE\VC\VCPackages;C:\Program Files (x86)\Microsoft SDKs\TypeScript\2.8;C:\Program Files (x86)\Microsoft SDKs\TypeScript\2.8;C:\Program Files (x86)\Microsoft Visual Studio\2017\Enterprise\Common7\IDE\CommonExtensions\Microsoft\TestWindow;C:\Program Files (x86)\Microsoft Visual Studio\2017\Enterprise\Common7\IDE\CommonExtensions\Microsoft\TeamFoundation\Team Explorer;C:\Program Files (x86)\Microsoft Visual Studio\2017\Enterprise\MSBuild\15.0\bin\Roslyn;C:\Program Files (x86)\Microsoft Visual Studio\2017\Enterprise\Team Tools\Performance Tools;C:\Program Files (x86)\Microsoft Visual Studio\Shared\Common\VSPerfCollectionTools\;C:\Program Files (x86)\Microsoft SDKs\Windows\v10.0A\bin\NETFX 4.6.1 Tools\;C:\Program Files (x86)\Windows Kits\10\bin\10.0.17134.0\x86;C:\Program Files (x86)\Windows Kits\10\bin\x86;C:\Program Files (x86)\Microsoft Visual Studio\2017\Enterprise\\MSBuild\15.0\bin;C:\Windows\Microsoft.NET\Framework\v4.0.30319;C:\Program Files (x86)\Microsoft Visual Studio\2017\Enterprise\Common7\IDE\;C:\Program Files (x86)\Microsoft Visual Studio\2017\Enterprise\Common7\Tools\;C:\Program Files (x86)\Microsoft Visual Studio\2017\Enterprise\Common7\IDE\Extensions\GitHub\GitHub\lib\win32\x86;C:\Windows\system32;C:\Windows;C:\Windows\System32\Wbem;C:\Windows\System32\WindowsPowerShell\v1.0\;C:\Program Files\Microsoft SQL Server\130\Tools\Binn\;C:\Program Files (x86)\nodejs\;C:\Windows\System32\WindowsPowerShell\v1.0\;C:\Windows\System32\WindowsPowerShell\v1.0\;C:\Windows\System32\WindowsPowerShell\v1.0\;C:\Sysinternals;c:\Program Files\ADB\;C:\Program Files (x86)\Log Parser 2.2\;C:\Program Files\Git\cmd;C:\Program Files\PuTTY\;C:\Program Files (x86)\Git\cmd;C:\Program Files (x86)\GtkSharp\2.12\bin;C:\Program Files\Microsoft VS Code\bin
10 verbose lifecycle chatroom@0.0.0~start: CWD: C:\Temp\Repos\IBM_Cloud_Chat
11 silly lifecycle chatroom@0.0.0~start: Args: [ '/d /s /c', 'node server.js "server.js"' ]
12 silly lifecycle chatroom@0.0.0~start: Returned: code: 1  signal: null
13 info lifecycle chatroom@0.0.0~start: Failed to exec start script
14 verbose stack Error: chatroom@0.0.0 start: `node server.js "server.js"`
14 verbose stack Exit status 1
14 verbose stack     at EventEmitter.<anonymous> (C:\Program Files (x86)\nodejs\node_modules\npm\lib\utils\lifecycle.js:255:16)
14 verbose stack     at emitTwo (events.js:106:13)
14 verbose stack     at EventEmitter.emit (events.js:191:7)
14 verbose stack     at ChildProcess.<anonymous> (C:\Program Files (x86)\nodejs\node_modules\npm\lib\utils\spawn.js:40:14)
14 verbose stack     at emitTwo (events.js:106:13)
14 verbose stack     at ChildProcess.emit (events.js:191:7)
14 verbose stack     at maybeClose (internal/child_process.js:886:16)
14 verbose stack     at Process.ChildProcess._handle.onexit (internal/child_process.js:226:5)
15 verbose pkgid chatroom@0.0.0
16 verbose cwd C:\Temp\Repos\IBM_Cloud_Chat
17 error Windows_NT 6.1.7601
18 error argv "C:\\Program Files (x86)\\nodejs\\node.exe" "C:\\Program Files (x86)\\nodejs\\node_modules\\npm\\bin\\npm-cli.js" "start" "server.js"
19 error node v6.10.3
20 error npm  v3.10.10
21 error code ELIFECYCLE
22 error chatroom@0.0.0 start: `node server.js "server.js"`
22 error Exit status 1
23 error Failed at the chatroom@0.0.0 start script 'node server.js "server.js"'.
23 error Make sure you have the latest version of node.js and npm installed.
23 error If you do, this is most likely a problem with the chatroom package,
23 error not with npm itself.
23 error Tell the author that this fails on your system:
23 error     node server.js "server.js"
23 error You can get information on how to open an issue for this project with:
23 error     npm bugs chatroom
23 error Or if that isn't available, you can get their info via:
23 error     npm owner ls chatroom
23 error There is likely additional logging output above.
24 verbose exit [ 1, true ]
